2021-01-25 14:23:11,230 [Worker-3: Loading available Gradle versions] INFO  o.e.b.c.i.u.g.PublishedGradleVersions - Gradle version information cache is out-of-date. Trying to update.
2021-01-25 14:32:58,811 [Worker-9: Loading available Gradle versions] INFO  o.e.b.c.i.u.g.PublishedGradleVersions - Gradle version information cache is up-to-date. Trying to read.
2021-01-27 16:08:51,968 [Worker-1: Loading available Gradle versions] INFO  o.e.b.c.i.u.g.PublishedGradleVersions - Gradle version information cache is out-of-date. Trying to update.
2021-01-27 16:56:09,822 [Worker-1: Loading available Gradle versions] INFO  o.e.b.c.i.u.g.PublishedGradleVersions - Gradle version information cache is up-to-date. Trying to read.
2021-02-02 12:58:20,589 [Worker-0: Loading available Gradle versions] INFO  o.e.b.c.i.u.g.PublishedGradleVersions - Gradle version information cache is out-of-date. Trying to update.
2021-02-02 13:04:10,416 [Worker-3: Loading available Gradle versions] INFO  o.e.b.c.i.u.g.PublishedGradleVersions - Gradle version information cache is up-to-date. Trying to read.
2021-02-02 13:11:07,113 [Worker-2: Loading available Gradle versions] INFO  o.e.b.c.i.u.g.PublishedGradleVersions - Gradle version information cache is up-to-date. Trying to read.
2021-02-02 13:11:54,424 [Start Help Server] INFO  org.eclipse.jetty.util.log - Logging initialized @71548ms to org.eclipse.jetty.util.log.Slf4jLog
2021-02-02 13:11:54,696 [Start Help Server] INFO  org.eclipse.jetty.server.Server - jetty-9.4.35.v20201120; built: 2020-11-27T20:36:51.615Z; git: bdc54f03a5e0a7e280fab27f55c3c75ee8da89fb; jvm 14.0.2+12-46
2021-02-02 13:11:54,732 [Start Help Server] INFO  org.eclipse.jetty.server.session - DefaultSessionIdManager workerName=node0
2021-02-02 13:11:54,732 [Start Help Server] INFO  org.eclipse.jetty.server.session - No SessionScavenger set, using defaults
2021-02-02 13:11:54,734 [Start Help Server] INFO  org.eclipse.jetty.server.session - node0 Scavenging every 600000ms
2021-02-02 13:11:54,789 [Start Help Server] INFO  o.e.j.server.handler.ContextHandler - Started o.e.j.s.ServletContextHandler@6474f022{/help,null,AVAILABLE}
2021-02-02 13:11:54,809 [Start Help Server] INFO  o.e.jetty.server.AbstractConnector - Started ServerConnector@4fab5250{HTTP/1.1, (http/1.1)}{127.0.0.1:49943}
2021-02-02 13:11:54,810 [Start Help Server] INFO  org.eclipse.jetty.server.Server - Started @71937ms
2021-02-02 13:11:54,810 [Start Help Server] INFO  org.eclipse.jetty.server.session - node0 Scavenging every 660000ms
2021-02-02 15:28:09,994 [Stop Help Server] INFO  o.e.jetty.server.AbstractConnector - Stopped ServerConnector@4fab5250{HTTP/1.1, (http/1.1)}{127.0.0.1:0}
2021-02-02 15:28:09,996 [Stop Help Server] INFO  org.eclipse.jetty.server.session - node0 Stopped scavenging
2021-02-02 15:28:10,036 [Stop Help Server] INFO  o.e.j.server.handler.ContextHandler - Stopped o.e.j.s.ServletContextHandler@6474f022{/help,null,STOPPED}
2021-02-02 15:28:36,187 [Worker-2: Loading available Gradle versions] INFO  o.e.b.c.i.u.g.PublishedGradleVersions - Gradle version information cache is up-to-date. Trying to read.
2021-02-03 15:40:27,611 [Worker-2: Loading available Gradle versions] INFO  o.e.b.c.i.u.g.PublishedGradleVersions - Gradle version information cache is out-of-date. Trying to update.
